{
  "RSpec": {
    "coverage": {
      "/Users/Tara/Projects/tech-test/SP/spec/display_spec.rb": [
        1,
        null,
        1,
        null,
        null,
        1,
        1,
        1,
        1,
        2,
        null,
        null,
        null,
        1,
        1,
        1,
        2,
        null,
        null,
        null
      ],
      "/Users/Tara/Projects/tech-test/SP/lib/display.rb": [
        1,
        null,
        1,
        3,
        null,
        null,
        1,
        3,
        null,
        null
      ],
      "/Users/Tara/Projects/tech-test/SP/spec/server_log_spec.rb": [
        1,
        null,
        1,
        1,
        1,
        1,
        1,
        1,
        null,
        null,
        null,
        null,
        null
      ],
      "/Users/Tara/Projects/tech-test/SP/lib/server_log.rb": [
        1,
        null,
        1,
        null,
        1,
        1,
        null,
        null,
        1,
        1,
        4,
        4,
        1,
        3,
        null,
        null,
        null,
        null
      ]
    },
    "timestamp": 1562161006
  }
}
